--------
/home/saradhi/eclipse-workspace/AlgoLab2/Snap-4.0/examples/ALGOLab2Program3/mincut.Err
Sat Sep  9 10:13:23 2017
Execution stopped: IsEdge(SrcNId, DstNId, EId, IsDir), file graph.cpp, line 539
--------
--------
/home/saradhi/eclipse-workspace/AlgoLab2/Snap-4.0/examples/ALGOLab2Program3/mincut.Err
Sat Sep  9 10:40:54 2017
Execution stopped: IsEdge(SrcNId, DstNId, EId, IsDir), file graph.cpp, line 539
--------
--------
/home/saradhi/eclipse-workspace/AlgoLab2/Snap-4.0/examples/ALGOLab2Program3/mincut.Err
Sat Sep  9 11:16:56 2017
Execution stopped: ! Empty(), file ../../glib-core/hash.h, line 456
--------
--------
/home/saradhi/eclipse-workspace/AlgoLab2/Snap-4.0/examples/ALGOLab2Program3/mincut.Err
Sat Sep  9 11:17:54 2017
Execution stopped: ! Empty(), file ../../glib-core/hash.h, line 456
--------
--------
/home/saradhi/eclipse-workspace/AlgoLab2/Snap-4.0/examples/ALGOLab2Program3/mincut.Err
Sat Sep  9 11:20:37 2017
Execution stopped: ! Empty(), file ../../glib-core/hash.h, line 456
--------
--------
/home/saradhi/eclipse-workspace/AlgoLab2/Snap-4.0/examples/ALGOLab2Program3/mincut.Err
Sat Sep  9 11:23:18 2017
Execution stopped: ! Empty(), file ../../glib-core/hash.h, line 456
--------
--------
/home/saradhi/eclipse-workspace/AlgoLab2/Snap-4.0/examples/ALGOLab2Program3/mincut.Err
Sat Sep  9 11:35:58 2017
Execution stopped: ! Empty(), file ../../glib-core/hash.h, line 456
--------
